CRITICAL - 2024-12-12 17:55:36 --> TypeError: App\Controllers\Home::not_working(): Return value must be of type string, none returned
[Method: GET, Route: about]
in APPPATH/Controllers/Home.php on line 19.
 1 SYSTEMPATH/CodeIgniter.php(933): App\Controllers\Home->not_working()
 2 SYSTEMPATH/CodeIgniter.php(509): CodeIgniter\CodeIgniter->runController(Object(App\Controllers\Home))
 3 SYSTEMPATH/CodeIgniter.php(355): CodeIgniter\CodeIgniter->handleRequest(null, Object(Config\Cache), false)
 4 SYSTEMPATH/Boot.php(325): CodeIgniter\CodeIgniter->run()
 5 SYSTEMPATH/Boot.php(67): CodeIgniter\Boot::runCodeIgniter(Object(CodeIgniter\CodeIgniter))
 6 FCPATH/index.php(56): CodeIgniter\Boot::bootWeb(Object(Config\Paths))
CRITICAL - 2024-12-12 18:06:04 --> CodeIgniter\View\Exceptions\ViewException: Invalid file: "main_screen.php"
[Method: GET, Route: /]
in SYSTEMPATH/Exceptions/FrameworkException.php on line 41.
 1 SYSTEMPATH/View/View.php(222): CodeIgniter\Exceptions\FrameworkException::forInvalidFile('main_screen.php')
 2 SYSTEMPATH/Common.php(1171): CodeIgniter\View\View->render('main_screen', [], true)
 3 APPPATH/Controllers/Home.php(9): view('main_screen')
 4 SYSTEMPATH/CodeIgniter.php(933): App\Controllers\Home->index()
 5 SYSTEMPATH/CodeIgniter.php(509): CodeIgniter\CodeIgniter->runController(Object(App\Controllers\Home))
 6 SYSTEMPATH/CodeIgniter.php(355): CodeIgniter\CodeIgniter->handleRequest(null, Object(Config\Cache), false)
 7 SYSTEMPATH/Boot.php(325): CodeIgniter\CodeIgniter->run()
 8 SYSTEMPATH/Boot.php(67): CodeIgniter\Boot::runCodeIgniter(Object(CodeIgniter\CodeIgniter))
 9 FCPATH/index.php(56): CodeIgniter\Boot::bootWeb(Object(Config\Paths))
CRITICAL - 2024-12-12 18:14:14 --> ErrorException: include(components/navigation): Failed to open stream: No such file or directory
[Method: GET, Route: about]
in APPPATH/Views/main_layout.php on line 12.
 1 APPPATH/Views/main_layout.php(12): CodeIgniter\Debug\Exceptions->errorHandler(2, 'include(components/navigation): Failed to open stream: No such file or directory', '/Applications/MAMP/htdocs/CI4-web242/app/Views/main_layout.php', 12)
 2 APPPATH/Views/main_layout.php(12): include()
 3 SYSTEMPATH/View/View.php(234): include('/Applications/MAMP/htdocs/CI4-web242/app/Views/main_layout.php')
 4 SYSTEMPATH/View/View.php(237): CodeIgniter\View\View->CodeIgniter\View\{closure}()
 5 SYSTEMPATH/View/View.php(250): CodeIgniter\View\View->render('main_layout', [], true)
 6 SYSTEMPATH/Common.php(1171): CodeIgniter\View\View->render('about_screen', [], true)
 7 APPPATH/Controllers/Home.php(14): view('about_screen')
 8 SYSTEMPATH/CodeIgniter.php(933): App\Controllers\Home->about()
 9 SYSTEMPATH/CodeIgniter.php(509): CodeIgniter\CodeIgniter->runController(Object(App\Controllers\Home))
10 SYSTEMPATH/CodeIgniter.php(355): CodeIgniter\CodeIgniter->handleRequest(null, Object(Config\Cache), false)
11 SYSTEMPATH/Boot.php(325): CodeIgniter\CodeIgniter->run()
12 SYSTEMPATH/Boot.php(67): CodeIgniter\Boot::runCodeIgniter(Object(CodeIgniter\CodeIgniter))
13 FCPATH/index.php(56): CodeIgniter\Boot::bootWeb(Object(Config\Paths))
CRITICAL - 2024-12-12 18:28:35 --> Error: Undefined constant "App\Controllers\page_title"
[Method: GET, Route: /]
in APPPATH/Controllers/Home.php on line 10.
 1 SYSTEMPATH/CodeIgniter.php(933): App\Controllers\Home->index()
 2 SYSTEMPATH/CodeIgniter.php(509): CodeIgniter\CodeIgniter->runController(Object(App\Controllers\Home))
 3 SYSTEMPATH/CodeIgniter.php(355): CodeIgniter\CodeIgniter->handleRequest(null, Object(Config\Cache), false)
 4 SYSTEMPATH/Boot.php(325): CodeIgniter\CodeIgniter->run()
 5 SYSTEMPATH/Boot.php(67): CodeIgniter\Boot::runCodeIgniter(Object(CodeIgniter\CodeIgniter))
 6 FCPATH/index.php(56): CodeIgniter\Boot::bootWeb(Object(Config\Paths))
CRITICAL - 2024-12-12 19:30:53 --> CodeIgniter\View\Exceptions\ViewException: Invalid file: "posts_screen.php"
[Method: GET, Route: posts]
in SYSTEMPATH/Exceptions/FrameworkException.php on line 41.
 1 SYSTEMPATH/View/View.php(222): CodeIgniter\Exceptions\FrameworkException::forInvalidFile('posts_screen.php')
 2 SYSTEMPATH/Common.php(1171): CodeIgniter\View\View->render('posts_screen', [], true)
 3 APPPATH/Controllers/Home.php(72): view('posts_screen', [...])
 4 SYSTEMPATH/CodeIgniter.php(933): App\Controllers\Home->all_posts()
 5 SYSTEMPATH/CodeIgniter.php(509): CodeIgniter\CodeIgniter->runController(Object(App\Controllers\Home))
 6 SYSTEMPATH/CodeIgniter.php(355): CodeIgniter\CodeIgniter->handleRequest(null, Object(Config\Cache), false)
 7 SYSTEMPATH/Boot.php(325): CodeIgniter\CodeIgniter->run()
 8 SYSTEMPATH/Boot.php(67): CodeIgniter\Boot::runCodeIgniter(Object(CodeIgniter\CodeIgniter))
 9 FCPATH/index.php(56): CodeIgniter\Boot::bootWeb(Object(Config\Paths))
CRITICAL - 2024-12-12 19:31:47 --> ErrorException: Undefined variable $page_title
[Method: GET, Route: posts]
in APPPATH/Views/posts_screen.php on line 4.
 1 APPPATH/Views/posts_screen.php(4): CodeIgniter\Debug\Exceptions->errorHandler(2, 'Undefined variable $page_title', '/Applications/MAMP/htdocs/CI4-web242/app/Views/posts_screen.php', 4)
 2 SYSTEMPATH/View/View.php(234): include('/Applications/MAMP/htdocs/CI4-web242/app/Views/posts_screen.php')
 3 SYSTEMPATH/View/View.php(237): CodeIgniter\View\View->CodeIgniter\View\{closure}()
 4 SYSTEMPATH/Common.php(1171): CodeIgniter\View\View->render('posts_screen', [], true)
 5 APPPATH/Controllers/Home.php(72): view('posts_screen', [...])
 6 SYSTEMPATH/CodeIgniter.php(933): App\Controllers\Home->all_posts()
 7 SYSTEMPATH/CodeIgniter.php(509): CodeIgniter\CodeIgniter->runController(Object(App\Controllers\Home))
 8 SYSTEMPATH/CodeIgniter.php(355): CodeIgniter\CodeIgniter->handleRequest(null, Object(Config\Cache), false)
 9 SYSTEMPATH/Boot.php(325): CodeIgniter\CodeIgniter->run()
10 SYSTEMPATH/Boot.php(67): CodeIgniter\Boot::runCodeIgniter(Object(CodeIgniter\CodeIgniter))
11 FCPATH/index.php(56): CodeIgniter\Boot::bootWeb(Object(Config\Paths))
CRITICAL - 2024-12-12 19:49:24 --> ErrorException: Undefined variable $page_title
[Method: GET, Route: post/1]
in APPPATH/Views/post_screen.php on line 4.
 1 APPPATH/Views/post_screen.php(4): CodeIgniter\Debug\Exceptions->errorHandler(2, 'Undefined variable $page_title', '/Applications/MAMP/htdocs/CI4-web242/app/Views/post_screen.php', 4)
 2 SYSTEMPATH/View/View.php(234): include('/Applications/MAMP/htdocs/CI4-web242/app/Views/post_screen.php')
 3 SYSTEMPATH/View/View.php(237): CodeIgniter\View\View->CodeIgniter\View\{closure}()
 4 SYSTEMPATH/Common.php(1171): CodeIgniter\View\View->render('post_screen', [], true)
 5 APPPATH/Controllers/Home.php(86): view('post_screen', [...])
 6 SYSTEMPATH/CodeIgniter.php(933): App\Controllers\Home->post('1')
 7 SYSTEMPATH/CodeIgniter.php(509): CodeIgniter\CodeIgniter->runController(Object(App\Controllers\Home))
 8 SYSTEMPATH/CodeIgniter.php(355): CodeIgniter\CodeIgniter->handleRequest(null, Object(Config\Cache), false)
 9 SYSTEMPATH/Boot.php(325): CodeIgniter\CodeIgniter->run()
10 SYSTEMPATH/Boot.php(67): CodeIgniter\Boot::runCodeIgniter(Object(CodeIgniter\CodeIgniter))
11 FCPATH/index.php(56): CodeIgniter\Boot::bootWeb(Object(Config\Paths))
CRITICAL - 2024-12-12 19:49:52 --> ErrorException: Undefined variable $page_title
[Method: GET, Route: post/1]
in APPPATH/Views/post_screen.php on line 4.
 1 APPPATH/Views/post_screen.php(4): CodeIgniter\Debug\Exceptions->errorHandler(2, 'Undefined variable $page_title', '/Applications/MAMP/htdocs/CI4-web242/app/Views/post_screen.php', 4)
 2 SYSTEMPATH/View/View.php(234): include('/Applications/MAMP/htdocs/CI4-web242/app/Views/post_screen.php')
 3 SYSTEMPATH/View/View.php(237): CodeIgniter\View\View->CodeIgniter\View\{closure}()
 4 SYSTEMPATH/Common.php(1171): CodeIgniter\View\View->render('post_screen', [], true)
 5 APPPATH/Controllers/Home.php(86): view('post_screen', [...])
 6 SYSTEMPATH/CodeIgniter.php(933): App\Controllers\Home->post('1')
 7 SYSTEMPATH/CodeIgniter.php(509): CodeIgniter\CodeIgniter->runController(Object(App\Controllers\Home))
 8 SYSTEMPATH/CodeIgniter.php(355): CodeIgniter\CodeIgniter->handleRequest(null, Object(Config\Cache), false)
 9 SYSTEMPATH/Boot.php(325): CodeIgniter\CodeIgniter->run()
10 SYSTEMPATH/Boot.php(67): CodeIgniter\Boot::runCodeIgniter(Object(CodeIgniter\CodeIgniter))
11 FCPATH/index.php(56): CodeIgniter\Boot::bootWeb(Object(Config\Paths))
CRITICAL - 2024-12-12 19:49:53 --> ErrorException: Undefined variable $page_title
[Method: GET, Route: post/1]
in APPPATH/Views/post_screen.php on line 4.
 1 APPPATH/Views/post_screen.php(4): CodeIgniter\Debug\Exceptions->errorHandler(2, 'Undefined variable $page_title', '/Applications/MAMP/htdocs/CI4-web242/app/Views/post_screen.php', 4)
 2 SYSTEMPATH/View/View.php(234): include('/Applications/MAMP/htdocs/CI4-web242/app/Views/post_screen.php')
 3 SYSTEMPATH/View/View.php(237): CodeIgniter\View\View->CodeIgniter\View\{closure}()
 4 SYSTEMPATH/Common.php(1171): CodeIgniter\View\View->render('post_screen', [], true)
 5 APPPATH/Controllers/Home.php(86): view('post_screen', [...])
 6 SYSTEMPATH/CodeIgniter.php(933): App\Controllers\Home->post('1')
 7 SYSTEMPATH/CodeIgniter.php(509): CodeIgniter\CodeIgniter->runController(Object(App\Controllers\Home))
 8 SYSTEMPATH/CodeIgniter.php(355): CodeIgniter\CodeIgniter->handleRequest(null, Object(Config\Cache), false)
 9 SYSTEMPATH/Boot.php(325): CodeIgniter\CodeIgniter->run()
10 SYSTEMPATH/Boot.php(67): CodeIgniter\Boot::runCodeIgniter(Object(CodeIgniter\CodeIgniter))
11 FCPATH/index.php(56): CodeIgniter\Boot::bootWeb(Object(Config\Paths))
CRITICAL - 2024-12-12 19:50:12 --> ErrorException: Undefined variable $page_title
[Method: GET, Route: post/1]
in APPPATH/Views/post_screen.php on line 4.
 1 APPPATH/Views/post_screen.php(4): CodeIgniter\Debug\Exceptions->errorHandler(2, 'Undefined variable $page_title', '/Applications/MAMP/htdocs/CI4-web242/app/Views/post_screen.php', 4)
 2 SYSTEMPATH/View/View.php(234): include('/Applications/MAMP/htdocs/CI4-web242/app/Views/post_screen.php')
 3 SYSTEMPATH/View/View.php(237): CodeIgniter\View\View->CodeIgniter\View\{closure}()
 4 SYSTEMPATH/Common.php(1171): CodeIgniter\View\View->render('post_screen', [], true)
 5 APPPATH/Controllers/Home.php(86): view('post_screen', [...])
 6 SYSTEMPATH/CodeIgniter.php(933): App\Controllers\Home->post('1')
 7 SYSTEMPATH/CodeIgniter.php(509): CodeIgniter\CodeIgniter->runController(Object(App\Controllers\Home))
 8 SYSTEMPATH/CodeIgniter.php(355): CodeIgniter\CodeIgniter->handleRequest(null, Object(Config\Cache), false)
 9 SYSTEMPATH/Boot.php(325): CodeIgniter\CodeIgniter->run()
10 SYSTEMPATH/Boot.php(67): CodeIgniter\Boot::runCodeIgniter(Object(CodeIgniter\CodeIgniter))
11 FCPATH/index.php(56): CodeIgniter\Boot::bootWeb(Object(Config\Paths))
CRITICAL - 2024-12-12 19:51:01 --> ErrorException: Undefined variable $page_title
[Method: GET, Route: post/1]
in APPPATH/Views/post_screen.php on line 4.
 1 APPPATH/Views/post_screen.php(4): CodeIgniter\Debug\Exceptions->errorHandler(2, 'Undefined variable $page_title', '/Applications/MAMP/htdocs/CI4-web242/app/Views/post_screen.php', 4)
 2 SYSTEMPATH/View/View.php(234): include('/Applications/MAMP/htdocs/CI4-web242/app/Views/post_screen.php')
 3 SYSTEMPATH/View/View.php(237): CodeIgniter\View\View->CodeIgniter\View\{closure}()
 4 SYSTEMPATH/Common.php(1171): CodeIgniter\View\View->render('post_screen', [], true)
 5 APPPATH/Controllers/Home.php(86): view('post_screen', [...])
 6 SYSTEMPATH/CodeIgniter.php(933): App\Controllers\Home->post('1')
 7 SYSTEMPATH/CodeIgniter.php(509): CodeIgniter\CodeIgniter->runController(Object(App\Controllers\Home))
 8 SYSTEMPATH/CodeIgniter.php(355): CodeIgniter\CodeIgniter->handleRequest(null, Object(Config\Cache), false)
 9 SYSTEMPATH/Boot.php(325): CodeIgniter\CodeIgniter->run()
10 SYSTEMPATH/Boot.php(67): CodeIgniter\Boot::runCodeIgniter(Object(CodeIgniter\CodeIgniter))
11 FCPATH/index.php(56): CodeIgniter\Boot::bootWeb(Object(Config\Paths))
CRITICAL - 2024-12-12 19:51:02 --> ErrorException: Undefined variable $page_title
[Method: GET, Route: post/1]
in APPPATH/Views/post_screen.php on line 4.
 1 APPPATH/Views/post_screen.php(4): CodeIgniter\Debug\Exceptions->errorHandler(2, 'Undefined variable $page_title', '/Applications/MAMP/htdocs/CI4-web242/app/Views/post_screen.php', 4)
 2 SYSTEMPATH/View/View.php(234): include('/Applications/MAMP/htdocs/CI4-web242/app/Views/post_screen.php')
 3 SYSTEMPATH/View/View.php(237): CodeIgniter\View\View->CodeIgniter\View\{closure}()
 4 SYSTEMPATH/Common.php(1171): CodeIgniter\View\View->render('post_screen', [], true)
 5 APPPATH/Controllers/Home.php(86): view('post_screen', [...])
 6 SYSTEMPATH/CodeIgniter.php(933): App\Controllers\Home->post('1')
 7 SYSTEMPATH/CodeIgniter.php(509): CodeIgniter\CodeIgniter->runController(Object(App\Controllers\Home))
 8 SYSTEMPATH/CodeIgniter.php(355): CodeIgniter\CodeIgniter->handleRequest(null, Object(Config\Cache), false)
 9 SYSTEMPATH/Boot.php(325): CodeIgniter\CodeIgniter->run()
10 SYSTEMPATH/Boot.php(67): CodeIgniter\Boot::runCodeIgniter(Object(CodeIgniter\CodeIgniter))
11 FCPATH/index.php(56): CodeIgniter\Boot::bootWeb(Object(Config\Paths))
CRITICAL - 2024-12-12 19:51:03 --> ErrorException: Undefined variable $page_title
[Method: GET, Route: post/1]
in APPPATH/Views/post_screen.php on line 4.
 1 APPPATH/Views/post_screen.php(4): CodeIgniter\Debug\Exceptions->errorHandler(2, 'Undefined variable $page_title', '/Applications/MAMP/htdocs/CI4-web242/app/Views/post_screen.php', 4)
 2 SYSTEMPATH/View/View.php(234): include('/Applications/MAMP/htdocs/CI4-web242/app/Views/post_screen.php')
 3 SYSTEMPATH/View/View.php(237): CodeIgniter\View\View->CodeIgniter\View\{closure}()
 4 SYSTEMPATH/Common.php(1171): CodeIgniter\View\View->render('post_screen', [], true)
 5 APPPATH/Controllers/Home.php(86): view('post_screen', [...])
 6 SYSTEMPATH/CodeIgniter.php(933): App\Controllers\Home->post('1')
 7 SYSTEMPATH/CodeIgniter.php(509): CodeIgniter\CodeIgniter->runController(Object(App\Controllers\Home))
 8 SYSTEMPATH/CodeIgniter.php(355): CodeIgniter\CodeIgniter->handleRequest(null, Object(Config\Cache), false)
 9 SYSTEMPATH/Boot.php(325): CodeIgniter\CodeIgniter->run()
10 SYSTEMPATH/Boot.php(67): CodeIgniter\Boot::runCodeIgniter(Object(CodeIgniter\CodeIgniter))
11 FCPATH/index.php(56): CodeIgniter\Boot::bootWeb(Object(Config\Paths))
CRITICAL - 2024-12-12 19:51:30 --> ErrorException: Undefined variable $page_title
[Method: GET, Route: post/1]
in APPPATH/Views/post_screen.php on line 4.
 1 APPPATH/Views/post_screen.php(4): CodeIgniter\Debug\Exceptions->errorHandler(2, 'Undefined variable $page_title', '/Applications/MAMP/htdocs/CI4-web242/app/Views/post_screen.php', 4)
 2 SYSTEMPATH/View/View.php(234): include('/Applications/MAMP/htdocs/CI4-web242/app/Views/post_screen.php')
 3 SYSTEMPATH/View/View.php(237): CodeIgniter\View\View->CodeIgniter\View\{closure}()
 4 SYSTEMPATH/Common.php(1171): CodeIgniter\View\View->render('post_screen', [], true)
 5 APPPATH/Controllers/Home.php(86): view('post_screen', [...])
 6 SYSTEMPATH/CodeIgniter.php(933): App\Controllers\Home->post('1')
 7 SYSTEMPATH/CodeIgniter.php(509): CodeIgniter\CodeIgniter->runController(Object(App\Controllers\Home))
 8 SYSTEMPATH/CodeIgniter.php(355): CodeIgniter\CodeIgniter->handleRequest(null, Object(Config\Cache), false)
 9 SYSTEMPATH/Boot.php(325): CodeIgniter\CodeIgniter->run()
10 SYSTEMPATH/Boot.php(67): CodeIgniter\Boot::runCodeIgniter(Object(CodeIgniter\CodeIgniter))
11 FCPATH/index.php(56): CodeIgniter\Boot::bootWeb(Object(Config\Paths))
CRITICAL - 2024-12-12 19:51:31 --> ErrorException: Undefined variable $page_title
[Method: GET, Route: post/1]
in APPPATH/Views/post_screen.php on line 4.
 1 APPPATH/Views/post_screen.php(4): CodeIgniter\Debug\Exceptions->errorHandler(2, 'Undefined variable $page_title', '/Applications/MAMP/htdocs/CI4-web242/app/Views/post_screen.php', 4)
 2 SYSTEMPATH/View/View.php(234): include('/Applications/MAMP/htdocs/CI4-web242/app/Views/post_screen.php')
 3 SYSTEMPATH/View/View.php(237): CodeIgniter\View\View->CodeIgniter\View\{closure}()
 4 SYSTEMPATH/Common.php(1171): CodeIgniter\View\View->render('post_screen', [], true)
 5 APPPATH/Controllers/Home.php(86): view('post_screen', [...])
 6 SYSTEMPATH/CodeIgniter.php(933): App\Controllers\Home->post('1')
 7 SYSTEMPATH/CodeIgniter.php(509): CodeIgniter\CodeIgniter->runController(Object(App\Controllers\Home))
 8 SYSTEMPATH/CodeIgniter.php(355): CodeIgniter\CodeIgniter->handleRequest(null, Object(Config\Cache), false)
 9 SYSTEMPATH/Boot.php(325): CodeIgniter\CodeIgniter->run()
10 SYSTEMPATH/Boot.php(67): CodeIgniter\Boot::runCodeIgniter(Object(CodeIgniter\CodeIgniter))
11 FCPATH/index.php(56): CodeIgniter\Boot::bootWeb(Object(Config\Paths))
CRITICAL - 2024-12-12 19:52:30 --> ParseError: syntax error, unexpected token ";"
[Method: GET, Route: post/1]
in APPPATH/Views/post_screen.php on line 4.
 1 SYSTEMPATH/View/View.php(237): CodeIgniter\View\View->CodeIgniter\View\{closure}()
 2 SYSTEMPATH/Common.php(1171): CodeIgniter\View\View->render('post_screen', [], true)
 3 APPPATH/Controllers/Home.php(88): view('post_screen', [...])
 4 SYSTEMPATH/CodeIgniter.php(933): App\Controllers\Home->post('1')
 5 SYSTEMPATH/CodeIgniter.php(509): CodeIgniter\CodeIgniter->runController(Object(App\Controllers\Home))
 6 SYSTEMPATH/CodeIgniter.php(355): CodeIgniter\CodeIgniter->handleRequest(null, Object(Config\Cache), false)
 7 SYSTEMPATH/Boot.php(325): CodeIgniter\CodeIgniter->run()
 8 SYSTEMPATH/Boot.php(67): CodeIgniter\Boot::runCodeIgniter(Object(CodeIgniter\CodeIgniter))
 9 FCPATH/index.php(56): CodeIgniter\Boot::bootWeb(Object(Config\Paths))
CRITICAL - 2024-12-12 19:52:31 --> ParseError: syntax error, unexpected token ";"
[Method: GET, Route: post/1]
in APPPATH/Views/post_screen.php on line 4.
 1 SYSTEMPATH/View/View.php(237): CodeIgniter\View\View->CodeIgniter\View\{closure}()
 2 SYSTEMPATH/Common.php(1171): CodeIgniter\View\View->render('post_screen', [], true)
 3 APPPATH/Controllers/Home.php(88): view('post_screen', [...])
 4 SYSTEMPATH/CodeIgniter.php(933): App\Controllers\Home->post('1')
 5 SYSTEMPATH/CodeIgniter.php(509): CodeIgniter\CodeIgniter->runController(Object(App\Controllers\Home))
 6 SYSTEMPATH/CodeIgniter.php(355): CodeIgniter\CodeIgniter->handleRequest(null, Object(Config\Cache), false)
 7 SYSTEMPATH/Boot.php(325): CodeIgniter\CodeIgniter->run()
 8 SYSTEMPATH/Boot.php(67): CodeIgniter\Boot::runCodeIgniter(Object(CodeIgniter\CodeIgniter))
 9 FCPATH/index.php(56): CodeIgniter\Boot::bootWeb(Object(Config\Paths))
CRITICAL - 2024-12-12 19:52:51 --> ErrorException: Undefined variable $data
[Method: GET, Route: post/1]
in APPPATH/Views/post_screen.php on line 8.
 1 APPPATH/Views/post_screen.php(8): CodeIgniter\Debug\Exceptions->errorHandler(2, 'Undefined variable $data', '/Applications/MAMP/htdocs/CI4-web242/app/Views/post_screen.php', 8)
 2 SYSTEMPATH/View/View.php(234): include('/Applications/MAMP/htdocs/CI4-web242/app/Views/post_screen.php')
 3 SYSTEMPATH/View/View.php(237): CodeIgniter\View\View->CodeIgniter\View\{closure}()
 4 SYSTEMPATH/Common.php(1171): CodeIgniter\View\View->render('post_screen', [], true)
 5 APPPATH/Controllers/Home.php(88): view('post_screen', [...])
 6 SYSTEMPATH/CodeIgniter.php(933): App\Controllers\Home->post('1')
 7 SYSTEMPATH/CodeIgniter.php(509): CodeIgniter\CodeIgniter->runController(Object(App\Controllers\Home))
 8 SYSTEMPATH/CodeIgniter.php(355): CodeIgniter\CodeIgniter->handleRequest(null, Object(Config\Cache), false)
 9 SYSTEMPATH/Boot.php(325): CodeIgniter\CodeIgniter->run()
10 SYSTEMPATH/Boot.php(67): CodeIgniter\Boot::runCodeIgniter(Object(CodeIgniter\CodeIgniter))
11 FCPATH/index.php(56): CodeIgniter\Boot::bootWeb(Object(Config\Paths))
CRITICAL - 2024-12-12 19:52:57 --> ErrorException: Undefined variable $data
[Method: GET, Route: post/1]
in APPPATH/Views/post_screen.php on line 8.
 1 APPPATH/Views/post_screen.php(8): CodeIgniter\Debug\Exceptions->errorHandler(2, 'Undefined variable $data', '/Applications/MAMP/htdocs/CI4-web242/app/Views/post_screen.php', 8)
 2 SYSTEMPATH/View/View.php(234): include('/Applications/MAMP/htdocs/CI4-web242/app/Views/post_screen.php')
 3 SYSTEMPATH/View/View.php(237): CodeIgniter\View\View->CodeIgniter\View\{closure}()
 4 SYSTEMPATH/Common.php(1171): CodeIgniter\View\View->render('post_screen', [], true)
 5 APPPATH/Controllers/Home.php(88): view('post_screen', [...])
 6 SYSTEMPATH/CodeIgniter.php(933): App\Controllers\Home->post('1')
 7 SYSTEMPATH/CodeIgniter.php(509): CodeIgniter\CodeIgniter->runController(Object(App\Controllers\Home))
 8 SYSTEMPATH/CodeIgniter.php(355): CodeIgniter\CodeIgniter->handleRequest(null, Object(Config\Cache), false)
 9 SYSTEMPATH/Boot.php(325): CodeIgniter\CodeIgniter->run()
10 SYSTEMPATH/Boot.php(67): CodeIgniter\Boot::runCodeIgniter(Object(CodeIgniter\CodeIgniter))
11 FCPATH/index.php(56): CodeIgniter\Boot::bootWeb(Object(Config\Paths))
CRITICAL - 2024-12-12 19:52:58 --> ErrorException: Undefined variable $data
[Method: GET, Route: post/1]
in APPPATH/Views/post_screen.php on line 8.
 1 APPPATH/Views/post_screen.php(8): CodeIgniter\Debug\Exceptions->errorHandler(2, 'Undefined variable $data', '/Applications/MAMP/htdocs/CI4-web242/app/Views/post_screen.php', 8)
 2 SYSTEMPATH/View/View.php(234): include('/Applications/MAMP/htdocs/CI4-web242/app/Views/post_screen.php')
 3 SYSTEMPATH/View/View.php(237): CodeIgniter\View\View->CodeIgniter\View\{closure}()
 4 SYSTEMPATH/Common.php(1171): CodeIgniter\View\View->render('post_screen', [], true)
 5 APPPATH/Controllers/Home.php(88): view('post_screen', [...])
 6 SYSTEMPATH/CodeIgniter.php(933): App\Controllers\Home->post('1')
 7 SYSTEMPATH/CodeIgniter.php(509): CodeIgniter\CodeIgniter->runController(Object(App\Controllers\Home))
 8 SYSTEMPATH/CodeIgniter.php(355): CodeIgniter\CodeIgniter->handleRequest(null, Object(Config\Cache), false)
 9 SYSTEMPATH/Boot.php(325): CodeIgniter\CodeIgniter->run()
10 SYSTEMPATH/Boot.php(67): CodeIgniter\Boot::runCodeIgniter(Object(CodeIgniter\CodeIgniter))
11 FCPATH/index.php(56): CodeIgniter\Boot::bootWeb(Object(Config\Paths))
CRITICAL - 2024-12-12 19:52:58 --> ErrorException: Undefined variable $data
[Method: GET, Route: post/1]
in APPPATH/Views/post_screen.php on line 8.
 1 APPPATH/Views/post_screen.php(8): CodeIgniter\Debug\Exceptions->errorHandler(2, 'Undefined variable $data', '/Applications/MAMP/htdocs/CI4-web242/app/Views/post_screen.php', 8)
 2 SYSTEMPATH/View/View.php(234): include('/Applications/MAMP/htdocs/CI4-web242/app/Views/post_screen.php')
 3 SYSTEMPATH/View/View.php(237): CodeIgniter\View\View->CodeIgniter\View\{closure}()
 4 SYSTEMPATH/Common.php(1171): CodeIgniter\View\View->render('post_screen', [], true)
 5 APPPATH/Controllers/Home.php(88): view('post_screen', [...])
 6 SYSTEMPATH/CodeIgniter.php(933): App\Controllers\Home->post('1')
 7 SYSTEMPATH/CodeIgniter.php(509): CodeIgniter\CodeIgniter->runController(Object(App\Controllers\Home))
 8 SYSTEMPATH/CodeIgniter.php(355): CodeIgniter\CodeIgniter->handleRequest(null, Object(Config\Cache), false)
 9 SYSTEMPATH/Boot.php(325): CodeIgniter\CodeIgniter->run()
10 SYSTEMPATH/Boot.php(67): CodeIgniter\Boot::runCodeIgniter(Object(CodeIgniter\CodeIgniter))
11 FCPATH/index.php(56): CodeIgniter\Boot::bootWeb(Object(Config\Paths))
CRITICAL - 2024-12-12 19:52:58 --> ErrorException: Undefined variable $data
[Method: GET, Route: post/1]
in APPPATH/Views/post_screen.php on line 8.
 1 APPPATH/Views/post_screen.php(8): CodeIgniter\Debug\Exceptions->errorHandler(2, 'Undefined variable $data', '/Applications/MAMP/htdocs/CI4-web242/app/Views/post_screen.php', 8)
 2 SYSTEMPATH/View/View.php(234): include('/Applications/MAMP/htdocs/CI4-web242/app/Views/post_screen.php')
 3 SYSTEMPATH/View/View.php(237): CodeIgniter\View\View->CodeIgniter\View\{closure}()
 4 SYSTEMPATH/Common.php(1171): CodeIgniter\View\View->render('post_screen', [], true)
 5 APPPATH/Controllers/Home.php(88): view('post_screen', [...])
 6 SYSTEMPATH/CodeIgniter.php(933): App\Controllers\Home->post('1')
 7 SYSTEMPATH/CodeIgniter.php(509): CodeIgniter\CodeIgniter->runController(Object(App\Controllers\Home))
 8 SYSTEMPATH/CodeIgniter.php(355): CodeIgniter\CodeIgniter->handleRequest(null, Object(Config\Cache), false)
 9 SYSTEMPATH/Boot.php(325): CodeIgniter\CodeIgniter->run()
10 SYSTEMPATH/Boot.php(67): CodeIgniter\Boot::runCodeIgniter(Object(CodeIgniter\CodeIgniter))
11 FCPATH/index.php(56): CodeIgniter\Boot::bootWeb(Object(Config\Paths))
CRITICAL - 2024-12-12 19:53:24 --> ErrorException: Undefined variable $page_title
[Method: GET, Route: post/1]
in APPPATH/Views/post_screen.php on line 4.
 1 APPPATH/Views/post_screen.php(4): CodeIgniter\Debug\Exceptions->errorHandler(2, 'Undefined variable $page_title', '/Applications/MAMP/htdocs/CI4-web242/app/Views/post_screen.php', 4)
 2 SYSTEMPATH/View/View.php(234): include('/Applications/MAMP/htdocs/CI4-web242/app/Views/post_screen.php')
 3 SYSTEMPATH/View/View.php(237): CodeIgniter\View\View->CodeIgniter\View\{closure}()
 4 SYSTEMPATH/Common.php(1171): CodeIgniter\View\View->render('post_screen', [], true)
 5 APPPATH/Controllers/Home.php(88): view('post_screen', [...])
 6 SYSTEMPATH/CodeIgniter.php(933): App\Controllers\Home->post('1')
 7 SYSTEMPATH/CodeIgniter.php(509): CodeIgniter\CodeIgniter->runController(Object(App\Controllers\Home))
 8 SYSTEMPATH/CodeIgniter.php(355): CodeIgniter\CodeIgniter->handleRequest(null, Object(Config\Cache), false)
 9 SYSTEMPATH/Boot.php(325): CodeIgniter\CodeIgniter->run()
10 SYSTEMPATH/Boot.php(67): CodeIgniter\Boot::runCodeIgniter(Object(CodeIgniter\CodeIgniter))
11 FCPATH/index.php(56): CodeIgniter\Boot::bootWeb(Object(Config\Paths))
CRITICAL - 2024-12-12 19:53:25 --> ErrorException: Undefined variable $page_title
[Method: GET, Route: post/1]
in APPPATH/Views/post_screen.php on line 4.
 1 APPPATH/Views/post_screen.php(4): CodeIgniter\Debug\Exceptions->errorHandler(2, 'Undefined variable $page_title', '/Applications/MAMP/htdocs/CI4-web242/app/Views/post_screen.php', 4)
 2 SYSTEMPATH/View/View.php(234): include('/Applications/MAMP/htdocs/CI4-web242/app/Views/post_screen.php')
 3 SYSTEMPATH/View/View.php(237): CodeIgniter\View\View->CodeIgniter\View\{closure}()
 4 SYSTEMPATH/Common.php(1171): CodeIgniter\View\View->render('post_screen', [], true)
 5 APPPATH/Controllers/Home.php(88): view('post_screen', [...])
 6 SYSTEMPATH/CodeIgniter.php(933): App\Controllers\Home->post('1')
 7 SYSTEMPATH/CodeIgniter.php(509): CodeIgniter\CodeIgniter->runController(Object(App\Controllers\Home))
 8 SYSTEMPATH/CodeIgniter.php(355): CodeIgniter\CodeIgniter->handleRequest(null, Object(Config\Cache), false)
 9 SYSTEMPATH/Boot.php(325): CodeIgniter\CodeIgniter->run()
10 SYSTEMPATH/Boot.php(67): CodeIgniter\Boot::runCodeIgniter(Object(CodeIgniter\CodeIgniter))
11 FCPATH/index.php(56): CodeIgniter\Boot::bootWeb(Object(Config\Paths))
CRITICAL - 2024-12-12 19:54:19 --> ErrorException: Undefined variable $data
[Method: GET, Route: post/1]
in APPPATH/Views/post_screen.php on line 8.
 1 APPPATH/Views/post_screen.php(8): CodeIgniter\Debug\Exceptions->errorHandler(2, 'Undefined variable $data', '/Applications/MAMP/htdocs/CI4-web242/app/Views/post_screen.php', 8)
 2 SYSTEMPATH/View/View.php(234): include('/Applications/MAMP/htdocs/CI4-web242/app/Views/post_screen.php')
 3 SYSTEMPATH/View/View.php(237): CodeIgniter\View\View->CodeIgniter\View\{closure}()
 4 SYSTEMPATH/Common.php(1171): CodeIgniter\View\View->render('post_screen', [], true)
 5 APPPATH/Controllers/Home.php(86): view('post_screen', [...])
 6 SYSTEMPATH/CodeIgniter.php(933): App\Controllers\Home->post('1')
 7 SYSTEMPATH/CodeIgniter.php(509): CodeIgniter\CodeIgniter->runController(Object(App\Controllers\Home))
 8 SYSTEMPATH/CodeIgniter.php(355): CodeIgniter\CodeIgniter->handleRequest(null, Object(Config\Cache), false)
 9 SYSTEMPATH/Boot.php(325): CodeIgniter\CodeIgniter->run()
10 SYSTEMPATH/Boot.php(67): CodeIgniter\Boot::runCodeIgniter(Object(CodeIgniter\CodeIgniter))
11 FCPATH/index.php(56): CodeIgniter\Boot::bootWeb(Object(Config\Paths))
CRITICAL - 2024-12-12 19:54:20 --> ErrorException: Undefined variable $data
[Method: GET, Route: post/1]
in APPPATH/Views/post_screen.php on line 8.
 1 APPPATH/Views/post_screen.php(8): CodeIgniter\Debug\Exceptions->errorHandler(2, 'Undefined variable $data', '/Applications/MAMP/htdocs/CI4-web242/app/Views/post_screen.php', 8)
 2 SYSTEMPATH/View/View.php(234): include('/Applications/MAMP/htdocs/CI4-web242/app/Views/post_screen.php')
 3 SYSTEMPATH/View/View.php(237): CodeIgniter\View\View->CodeIgniter\View\{closure}()
 4 SYSTEMPATH/Common.php(1171): CodeIgniter\View\View->render('post_screen', [], true)
 5 APPPATH/Controllers/Home.php(86): view('post_screen', [...])
 6 SYSTEMPATH/CodeIgniter.php(933): App\Controllers\Home->post('1')
 7 SYSTEMPATH/CodeIgniter.php(509): CodeIgniter\CodeIgniter->runController(Object(App\Controllers\Home))
 8 SYSTEMPATH/CodeIgniter.php(355): CodeIgniter\CodeIgniter->handleRequest(null, Object(Config\Cache), false)
 9 SYSTEMPATH/Boot.php(325): CodeIgniter\CodeIgniter->run()
10 SYSTEMPATH/Boot.php(67): CodeIgniter\Boot::runCodeIgniter(Object(CodeIgniter\CodeIgniter))
11 FCPATH/index.php(56): CodeIgniter\Boot::bootWeb(Object(Config\Paths))
CRITICAL - 2024-12-12 19:54:24 --> ErrorException: Undefined variable $data
[Method: GET, Route: post/1]
in APPPATH/Views/post_screen.php on line 8.
 1 APPPATH/Views/post_screen.php(8): CodeIgniter\Debug\Exceptions->errorHandler(2, 'Undefined variable $data', '/Applications/MAMP/htdocs/CI4-web242/app/Views/post_screen.php', 8)
 2 SYSTEMPATH/View/View.php(234): include('/Applications/MAMP/htdocs/CI4-web242/app/Views/post_screen.php')
 3 SYSTEMPATH/View/View.php(237): CodeIgniter\View\View->CodeIgniter\View\{closure}()
 4 SYSTEMPATH/Common.php(1171): CodeIgniter\View\View->render('post_screen', [], true)
 5 APPPATH/Controllers/Home.php(86): view('post_screen', [...])
 6 SYSTEMPATH/CodeIgniter.php(933): App\Controllers\Home->post('1')
 7 SYSTEMPATH/CodeIgniter.php(509): CodeIgniter\CodeIgniter->runController(Object(App\Controllers\Home))
 8 SYSTEMPATH/CodeIgniter.php(355): CodeIgniter\CodeIgniter->handleRequest(null, Object(Config\Cache), false)
 9 SYSTEMPATH/Boot.php(325): CodeIgniter\CodeIgniter->run()
10 SYSTEMPATH/Boot.php(67): CodeIgniter\Boot::runCodeIgniter(Object(CodeIgniter\CodeIgniter))
11 FCPATH/index.php(56): CodeIgniter\Boot::bootWeb(Object(Config\Paths))
CRITICAL - 2024-12-12 19:54:25 --> ErrorException: Undefined variable $data
[Method: GET, Route: post/1]
in APPPATH/Views/post_screen.php on line 8.
 1 APPPATH/Views/post_screen.php(8): CodeIgniter\Debug\Exceptions->errorHandler(2, 'Undefined variable $data', '/Applications/MAMP/htdocs/CI4-web242/app/Views/post_screen.php', 8)
 2 SYSTEMPATH/View/View.php(234): include('/Applications/MAMP/htdocs/CI4-web242/app/Views/post_screen.php')
 3 SYSTEMPATH/View/View.php(237): CodeIgniter\View\View->CodeIgniter\View\{closure}()
 4 SYSTEMPATH/Common.php(1171): CodeIgniter\View\View->render('post_screen', [], true)
 5 APPPATH/Controllers/Home.php(86): view('post_screen', [...])
 6 SYSTEMPATH/CodeIgniter.php(933): App\Controllers\Home->post('1')
 7 SYSTEMPATH/CodeIgniter.php(509): CodeIgniter\CodeIgniter->runController(Object(App\Controllers\Home))
 8 SYSTEMPATH/CodeIgniter.php(355): CodeIgniter\CodeIgniter->handleRequest(null, Object(Config\Cache), false)
 9 SYSTEMPATH/Boot.php(325): CodeIgniter\CodeIgniter->run()
10 SYSTEMPATH/Boot.php(67): CodeIgniter\Boot::runCodeIgniter(Object(CodeIgniter\CodeIgniter))
11 FCPATH/index.php(56): CodeIgniter\Boot::bootWeb(Object(Config\Paths))
CRITICAL - 2024-12-12 19:54:27 --> ErrorException: Undefined variable $data
[Method: GET, Route: post/1]
in APPPATH/Views/post_screen.php on line 8.
 1 APPPATH/Views/post_screen.php(8): CodeIgniter\Debug\Exceptions->errorHandler(2, 'Undefined variable $data', '/Applications/MAMP/htdocs/CI4-web242/app/Views/post_screen.php', 8)
 2 SYSTEMPATH/View/View.php(234): include('/Applications/MAMP/htdocs/CI4-web242/app/Views/post_screen.php')
 3 SYSTEMPATH/View/View.php(237): CodeIgniter\View\View->CodeIgniter\View\{closure}()
 4 SYSTEMPATH/Common.php(1171): CodeIgniter\View\View->render('post_screen', [], true)
 5 APPPATH/Controllers/Home.php(86): view('post_screen', [...])
 6 SYSTEMPATH/CodeIgniter.php(933): App\Controllers\Home->post('1')
 7 SYSTEMPATH/CodeIgniter.php(509): CodeIgniter\CodeIgniter->runController(Object(App\Controllers\Home))
 8 SYSTEMPATH/CodeIgniter.php(355): CodeIgniter\CodeIgniter->handleRequest(null, Object(Config\Cache), false)
 9 SYSTEMPATH/Boot.php(325): CodeIgniter\CodeIgniter->run()
10 SYSTEMPATH/Boot.php(67): CodeIgniter\Boot::runCodeIgniter(Object(CodeIgniter\CodeIgniter))
11 FCPATH/index.php(56): CodeIgniter\Boot::bootWeb(Object(Config\Paths))
CRITICAL - 2024-12-12 19:54:50 --> ErrorException: Undefined variable $data
[Method: GET, Route: post/1]
in APPPATH/Views/post_screen.php on line 8.
 1 APPPATH/Views/post_screen.php(8): CodeIgniter\Debug\Exceptions->errorHandler(2, 'Undefined variable $data', '/Applications/MAMP/htdocs/CI4-web242/app/Views/post_screen.php', 8)
 2 SYSTEMPATH/View/View.php(234): include('/Applications/MAMP/htdocs/CI4-web242/app/Views/post_screen.php')
 3 SYSTEMPATH/View/View.php(237): CodeIgniter\View\View->CodeIgniter\View\{closure}()
 4 SYSTEMPATH/Common.php(1171): CodeIgniter\View\View->render('post_screen', [], true)
 5 APPPATH/Controllers/Home.php(86): view('post_screen', [...])
 6 SYSTEMPATH/CodeIgniter.php(933): App\Controllers\Home->post('1')
 7 SYSTEMPATH/CodeIgniter.php(509): CodeIgniter\CodeIgniter->runController(Object(App\Controllers\Home))
 8 SYSTEMPATH/CodeIgniter.php(355): CodeIgniter\CodeIgniter->handleRequest(null, Object(Config\Cache), false)
 9 SYSTEMPATH/Boot.php(325): CodeIgniter\CodeIgniter->run()
10 SYSTEMPATH/Boot.php(67): CodeIgniter\Boot::runCodeIgniter(Object(CodeIgniter\CodeIgniter))
11 FCPATH/index.php(56): CodeIgniter\Boot::bootWeb(Object(Config\Paths))
CRITICAL - 2024-12-12 19:54:53 --> ErrorException: Undefined variable $data
[Method: GET, Route: post/1]
in APPPATH/Views/post_screen.php on line 8.
 1 APPPATH/Views/post_screen.php(8): CodeIgniter\Debug\Exceptions->errorHandler(2, 'Undefined variable $data', '/Applications/MAMP/htdocs/CI4-web242/app/Views/post_screen.php', 8)
 2 SYSTEMPATH/View/View.php(234): include('/Applications/MAMP/htdocs/CI4-web242/app/Views/post_screen.php')
 3 SYSTEMPATH/View/View.php(237): CodeIgniter\View\View->CodeIgniter\View\{closure}()
 4 SYSTEMPATH/Common.php(1171): CodeIgniter\View\View->render('post_screen', [], true)
 5 APPPATH/Controllers/Home.php(86): view('post_screen', [...])
 6 SYSTEMPATH/CodeIgniter.php(933): App\Controllers\Home->post('1')
 7 SYSTEMPATH/CodeIgniter.php(509): CodeIgniter\CodeIgniter->runController(Object(App\Controllers\Home))
 8 SYSTEMPATH/CodeIgniter.php(355): CodeIgniter\CodeIgniter->handleRequest(null, Object(Config\Cache), false)
 9 SYSTEMPATH/Boot.php(325): CodeIgniter\CodeIgniter->run()
10 SYSTEMPATH/Boot.php(67): CodeIgniter\Boot::runCodeIgniter(Object(CodeIgniter\CodeIgniter))
11 FCPATH/index.php(56): CodeIgniter\Boot::bootWeb(Object(Config\Paths))
CRITICAL - 2024-12-12 19:54:59 --> ErrorException: Undefined variable $data
[Method: GET, Route: post/1]
in APPPATH/Views/post_screen.php on line 8.
 1 APPPATH/Views/post_screen.php(8): CodeIgniter\Debug\Exceptions->errorHandler(2, 'Undefined variable $data', '/Applications/MAMP/htdocs/CI4-web242/app/Views/post_screen.php', 8)
 2 SYSTEMPATH/View/View.php(234): include('/Applications/MAMP/htdocs/CI4-web242/app/Views/post_screen.php')
 3 SYSTEMPATH/View/View.php(237): CodeIgniter\View\View->CodeIgniter\View\{closure}()
 4 SYSTEMPATH/Common.php(1171): CodeIgniter\View\View->render('post_screen', [], true)
 5 APPPATH/Controllers/Home.php(86): view('post_screen', [...])
 6 SYSTEMPATH/CodeIgniter.php(933): App\Controllers\Home->post('1')
 7 SYSTEMPATH/CodeIgniter.php(509): CodeIgniter\CodeIgniter->runController(Object(App\Controllers\Home))
 8 SYSTEMPATH/CodeIgniter.php(355): CodeIgniter\CodeIgniter->handleRequest(null, Object(Config\Cache), false)
 9 SYSTEMPATH/Boot.php(325): CodeIgniter\CodeIgniter->run()
10 SYSTEMPATH/Boot.php(67): CodeIgniter\Boot::runCodeIgniter(Object(CodeIgniter\CodeIgniter))
11 FCPATH/index.php(56): CodeIgniter\Boot::bootWeb(Object(Config\Paths))
CRITICAL - 2024-12-12 19:57:55 --> CodeIgniter\HTTP\Exceptions\BadRequestException: The URI you submitted has disallowed characters: "postс"
[Method: GET, Route: post%D1%81]
in SYSTEMPATH/Router/Router.php on line 737.
 1 SYSTEMPATH/Router/Router.php(204): CodeIgniter\Router\Router->checkDisallowedChars('postс')
 2 SYSTEMPATH/CodeIgniter.php(834): CodeIgniter\Router\Router->handle('postс')
 3 SYSTEMPATH/CodeIgniter.php(457): CodeIgniter\CodeIgniter->tryToRouteIt(Object(CodeIgniter\Router\RouteCollection))
 4 SYSTEMPATH/CodeIgniter.php(355): CodeIgniter\CodeIgniter->handleRequest(null, Object(Config\Cache), false)
 5 SYSTEMPATH/Boot.php(325): CodeIgniter\CodeIgniter->run()
 6 SYSTEMPATH/Boot.php(67): CodeIgniter\Boot::runCodeIgniter(Object(CodeIgniter\CodeIgniter))
 7 FCPATH/index.php(56): CodeIgniter\Boot::bootWeb(Object(Config\Paths))
